0 info it worked if it ends with ok
1 verbose cli [ '/usr/local/bin/node', '/usr/local/bin/npm', 'publish' ]
2 info using npm@4.0.3
3 info using node@v6.3.1
4 verbose publish [ '.' ]
5 silly cache add args [ '.', null ]
6 verbose cache add spec .
7 silly cache add parsed spec Result {
7 silly cache add   raw: '.',
7 silly cache add   scope: null,
7 silly cache add   escapedName: null,
7 silly cache add   name: null,
7 silly cache add   rawSpec: '.',
7 silly cache add   spec: '/Users/KG/Documents/Dev/eHIroot/generator-ehi-compgen',
7 silly cache add   type: 'directory' }
8 verbose addLocalDirectory /Users/KG/.npm/generator-ehi-compgen/0.4.4/package.tgz not in flight; packing
9 verbose correctMkdir /Users/KG/.npm correctMkdir not in flight; initializing
10 warn prepublish-on-install As of npm@5, `prepublish` scripts will run only for `npm publish`.
11 warn prepublish-on-install (In npm@4 and previous versions, it also runs for `npm install`.)
12 warn prepublish-on-install See the deprecation note in `npm help scripts` for more information.
13 info lifecycle generator-ehi-compgen@0.4.4~prepublish: generator-ehi-compgen@0.4.4
14 verbose lifecycle generator-ehi-compgen@0.4.4~prepublish: unsafe-perm in lifecycle true
15 verbose lifecycle generator-ehi-compgen@0.4.4~prepublish: PATH: /usr/local/lib/node_modules/npm/bin/node-gyp-bin:/Users/KG/Documents/Dev/eHIroot/generator-ehi-compgen/node_modules/.bin:/usr/local/bin:/usr/bin:/bin:/usr/sbin:/sbin:/Library/Frameworks/Mono.framework/Versions/Current/Commands
16 verbose lifecycle generator-ehi-compgen@0.4.4~prepublish: CWD: /Users/KG/Documents/Dev/eHIroot/generator-ehi-compgen
17 silly lifecycle generator-ehi-compgen@0.4.4~prepublish: Args: [ '-c', 'gulp prepublish' ]
18 silly lifecycle generator-ehi-compgen@0.4.4~prepublish: Returned: code: 0  signal: null
19 info lifecycle generator-ehi-compgen@0.4.4~prepare: generator-ehi-compgen@0.4.4
20 silly lifecycle generator-ehi-compgen@0.4.4~prepare: no script for prepare, continuing
21 verbose tar pack [ '/Users/KG/.npm/generator-ehi-compgen/0.4.4/package.tgz',
21 verbose tar pack   '/Users/KG/Documents/Dev/eHIroot/generator-ehi-compgen' ]
22 verbose tarball /Users/KG/.npm/generator-ehi-compgen/0.4.4/package.tgz
23 verbose folder /Users/KG/Documents/Dev/eHIroot/generator-ehi-compgen
24 verbose addLocalTarball adding from inside cache /Users/KG/.npm/generator-ehi-compgen/0.4.4/package.tgz
25 verbose correctMkdir /Users/KG/.npm correctMkdir not in flight; initializing
26 silly cache afterAdd generator-ehi-compgen@0.4.4
27 verbose afterAdd /Users/KG/.npm/generator-ehi-compgen/0.4.4/package/package.json not in flight; writing
28 verbose correctMkdir /Users/KG/.npm correctMkdir not in flight; initializing
29 verbose afterAdd /Users/KG/.npm/generator-ehi-compgen/0.4.4/package/package.json written
30 silly publish { name: 'generator-ehi-compgen',
30 silly publish   version: '0.4.4',
30 silly publish   description: 'Used internally by the EventHi team to generate new components boilerplate.',
30 silly publish   homepage: 'https://github.com/eventhi/generator-ehi-compgen#readme',
30 silly publish   author: { name: 'Kenneth Gabbara', email: 'kenneth@eventhi.io' },
30 silly publish   files: [ 'generators' ],
30 silly publish   main: 'generators/index.js',
30 silly publish   dependencies:
30 silly publish    { 'yeoman-generator': '^1.0.0',
30 silly publish      chalk: '^1.1.3',
30 silly publish      yosay: '^1.2.1' },
30 silly publish   devDependencies:
30 silly publish    { eslint: '^3.1.1',
30 silly publish      'eslint-config-prettier': '^1.3.0',
30 silly publish      'eslint-config-xo-space': '^0.15.0',
30 silly publish      'eslint-plugin-prettier': '^2.0.0',
30 silly publish      gulp: '^3.9.0',
30 silly publish      'gulp-eslint': '^3.0.1',
30 silly publish      'gulp-exclude-gitignore': '^1.0.0',
30 silly publish      'gulp-istanbul': '^1.0.0',
30 silly publish      'gulp-line-ending-corrector': '^1.0.1',
30 silly publish      'gulp-mocha': '^3.0.1',
30 silly publish      'gulp-nsp': '^2.1.0',
30 silly publish      'gulp-plumber': '^1.0.0',
30 silly publish      prettier: '^0.18.0',
30 silly publish      'yeoman-assert': '^2.2.1',
30 silly publish      'yeoman-test': '^1.6.0' },
30 silly publish   eslintConfig: { extends: 'xo-space', env: { mocha: true } },
30 silly publish   repository:
30 silly publish    { type: 'git',
30 silly publish      url: 'git+https://github.com/eventhi/generator-ehi-compgen.git' },
30 silly publish   scripts: { prepublish: 'gulp prepublish', test: 'gulp' },
30 silly publish   readme: '# generator-ehi-compgen [![NPM version][npm-image]][npm-url] [![Build Status][travis-image]][travis-url]\n\nThis package is used internally at the EventHi team to generate boilerplate for new React components. This is available in both function and class forms.\n\n\n## Installation\n\nFirst, install [Yeoman](http://yeoman.io) and generator-ehi-compgen using [npm](https://www.npmjs.com/) (we assume you have pre-installed [node.js](https://nodejs.org/)).\n\n```bash\n\nnpm install -g yo\nnpm install -g generator-ehi-compgen\n```\n\nThen generate your new component:\n\n```bash\n\nyo ehi-compgen  # stateless component\nyo ehi-compgen:class  # es6 class component\n```\n## Stateless Component Example\n### Input\n```bash\n\nyo ehi-compgen # functional component\n```\n### Output\n```js\n\n//              ___             _   _  _ _\n//             | __|_ _____ _ _| |_| || (_)\n// Property of:| _|\\ V / -_) \' \\  _| __ | |\n//             |___|\\_/\\___|_||_\\__|_||_|_|\n//\n\nimport React from \'react\';\nimport withStyles from \'isomorphic-style-loader/lib/withStyles\';\nimport theme from \'./<%= componentName %>.css\';\n\ntype PropsType = {}\n\nconst ComponentName = (props: PropsType) => (\n  <span>{\'ComponentName\'}</span>\n);\n\nexport default withStyles(theme)(ComponentName);\n\n\n```\n## ES6 Class Component Example\n### Input\n```bash\n\nyo ehi-compgen:class #es6 class component\n```\n### Output\n```js\n\n//              ___             _   _  _ _\n//             | __|_ _____ _ _| |_| || (_)\n// Property of:| _|\\ V / -_) \' \\  _| __ | |\n//             |___|\\_/\\___|_||_\\__|_||_|_|\n//\n\nimport React from \'react\';\nimport withStyles from \'isomorphic-style-loader/lib/withStyles\';\nimport theme from \'./neuwnweinde.css\';\n\ntype Propstype = {};\n\ntype Statetype = {};\n\nclass <%= componentName %> extends React.Component<PropsType, StateType> {\n  props: Propstype;\n  state: Statetype;\n\n  render() {\n    return <span>{\'jdieojdiweodjeiwojwiowf\'}</span>;\n  }\n}\n\nexport default withStyles(theme)(<%= componentName %>);\n\n```\n\n## Getting To Know Yeoman\n\n * Yeoman has a heart of gold.\n * Yeoman is a person with feelings and opinions, but is very easy to work with.\n * Yeoman can be too opinionated at times but is easily convinced not to be.\n * Feel free to [learn more about Yeoman](http://yeoman.io/).\n\n## License\n\n © [Kenneth Gabbara]()\n\n\n[npm-image]: https://badge.fury.io/js/generator-ehi.svg\n[npm-url]: https://npmjs.org/package/generator-ehi-compgen\n[travis-image]: https://travis-ci.org/EventHi/generator-ehi.svg?branch=master\n[travis-url]: https://travis-ci.org/EventHi/generator-ehi-compgen\n',
30 silly publish   readmeFilename: 'README.md',
30 silly publish   gitHead: '490ae2fcb5f9afbccab414d03e6b96a6885c1802',
30 silly publish   bugs: { url: 'https://github.com/eventhi/generator-ehi-compgen/issues' },
30 silly publish   _id: 'generator-ehi-compgen@0.4.4',
30 silly publish   _shasum: '48221d062adfcc3b65bb103aca0f510c32d7c627',
30 silly publish   _from: '.' }
31 info lifecycle generator-ehi-compgen@0.4.4~prepublishOnly: generator-ehi-compgen@0.4.4
32 silly lifecycle generator-ehi-compgen@0.4.4~prepublishOnly: no script for prepublishOnly, continuing
33 verbose getPublishConfig undefined
34 silly mapToRegistry name generator-ehi-compgen
35 silly mapToRegistry using default registry
36 silly mapToRegistry registry https://registry.npmjs.org/
37 silly mapToRegistry data Result {
37 silly mapToRegistry   raw: 'generator-ehi-compgen',
37 silly mapToRegistry   scope: null,
37 silly mapToRegistry   escapedName: 'generator-ehi-compgen',
37 silly mapToRegistry   name: 'generator-ehi-compgen',
37 silly mapToRegistry   rawSpec: '',
37 silly mapToRegistry   spec: 'latest',
37 silly mapToRegistry   type: 'tag' }
38 silly mapToRegistry uri https://registry.npmjs.org/generator-ehi-compgen
39 verbose publish registryBase https://registry.npmjs.org/
40 silly publish uploading /Users/KG/.npm/generator-ehi-compgen/0.4.4/package.tgz
41 verbose request uri https://registry.npmjs.org/generator-ehi-compgen
42 verbose request sending authorization for write operation
43 info attempt registry request try #1 at 1:55:00 PM
44 verbose request using bearer token for auth
45 verbose request id 8206d448d0b74a72
46 http request PUT https://registry.npmjs.org/generator-ehi-compgen
47 http 403 https://registry.npmjs.org/generator-ehi-compgen
48 verbose headers { 'content-type': 'application/json',
48 verbose headers   'cache-control': 'max-age=300',
48 verbose headers   'content-length': '95',
48 verbose headers   'accept-ranges': 'bytes',
48 verbose headers   date: 'Tue, 04 Apr 2017 20:55:00 GMT',
48 verbose headers   via: '1.1 varnish',
48 verbose headers   connection: 'keep-alive',
48 verbose headers   'x-served-by': 'cache-lax8620-LAX',
48 verbose headers   'x-cache': 'MISS',
48 verbose headers   'x-cache-hits': '0',
48 verbose headers   'x-timer': 'S1491339300.566417,VS0,VE162',
48 verbose headers   vary: 'Accept-Encoding' }
49 verbose request invalidating /Users/KG/.npm/registry.npmjs.org/generator-ehi-compgen on PUT
50 error publish Failed PUT 403
51 verbose stack Error: "You cannot publish over the previously published version 0.4.4." : generator-ehi-compgen
51 verbose stack     at makeError (/usr/local/lib/node_modules/npm/node_modules/npm-registry-client/lib/request.js:302:12)
51 verbose stack     at CachingRegistryClient.<anonymous> (/usr/local/lib/node_modules/npm/node_modules/npm-registry-client/lib/request.js:290:14)
51 verbose stack     at Request._callback (/usr/local/lib/node_modules/npm/node_modules/npm-registry-client/lib/request.js:210:14)
51 verbose stack     at Request.self.callback (/usr/local/lib/node_modules/npm/node_modules/request/request.js:186:22)
51 verbose stack     at emitTwo (events.js:106:13)
51 verbose stack     at Request.emit (events.js:191:7)
51 verbose stack     at Request.<anonymous> (/usr/local/lib/node_modules/npm/node_modules/request/request.js:1081:10)
51 verbose stack     at emitOne (events.js:96:13)
51 verbose stack     at Request.emit (events.js:188:7)
51 verbose stack     at IncomingMessage.<anonymous> (/usr/local/lib/node_modules/npm/node_modules/request/request.js:1001:12)
52 verbose statusCode 403
53 verbose pkgid generator-ehi-compgen
54 verbose cwd /Users/KG/Documents/Dev/eHIroot/generator-ehi-compgen
55 error Darwin 16.5.0
56 error argv "/usr/local/bin/node" "/usr/local/bin/npm" "publish"
57 error node v6.3.1
58 error npm  v4.0.3
59 error code E403
60 error "You cannot publish over the previously published version 0.4.4." : generator-ehi-compgen
61 error If you need help, you may report this error at:
61 error     <https://github.com/npm/npm/issues>
62 verbose exit [ 1, true ]
